<?xml version="1.0" encoding="UTF-8"?>
<!-- Generated by org.testng.reporters.JUnitReportReporter -->
<testsuite hostname="LAPTOP-ULCVVG57" failures="0" tests="1" name="pageobject.SearchPage" time="15.995" errors="0" timestamp="2021-11-22T11:23:19 IST" skipped="0">
  <testcase classname="pageobject.SearchPage" name="SearchPage" time="15.995"/>
  <system-out/>
</testsuite> <!-- pageobject.SearchPage -->
