<?xml version="1.0" encoding="UTF-8"?>
<!-- Generated by org.testng.reporters.JUnitReportReporter -->
<testsuite hostname="LAPTOP-ULCVVG57" failures="0" tests="1" name="pageobject.MouseActions" time="22.539" errors="0" timestamp="2021-11-22T11:23:19 IST" skipped="0">
  <testcase classname="pageobject.MouseActions" name="MouseActions" time="22.539"/>
  <system-out/>
</testsuite> <!-- pageobject.MouseActions -->
