<?xml version="1.0" encoding="UTF-8"?>
<!-- Generated by org.testng.reporters.JUnitReportReporter -->
<testsuite hostname="LAPTOP-ULCVVG57" failures="0" tests="1" name="pageobject.WindowsSwitching" time="38.882" errors="0" timestamp="2021-11-22T08:19:07 IST" skipped="0">
  <testcase classname="pageobject.WindowsSwitching" name="windowtest" time="38.882"/>
  <system-out/>
</testsuite> <!-- pageobject.WindowsSwitching -->
